<?xml version="1.0" encoding="UTF-8"?>
<testsuite name="com.tube.book.springboot.web.IndexControllerTest" tests="1" skipped="0" failures="0" errors="0" timestamp="2020-09-08T01:31:21" hostname="179-190-207-204.cable.cabotelecom.com.br" time="0.521">
  <properties/>
  <testcase name="메인페이지_로딩" classname="com.tube.book.springboot.web.IndexControllerTest" time="0.521"/>
  <system-out><![CDATA[10:31:13.094 [Test worker] DEBUG org.springframework.test.context.junit4.SpringJUnit4ClassRunner - SpringJUnit4ClassRunner constructor called with [class com.tube.book.springboot.web.IndexControllerTest]
10:31:13.106 [Test worker] DEBUG org.springframework.test.context.BootstrapUtils - Instantiating CacheAwareContextLoaderDelegate from class [org.springframework.test.context.cache.DefaultCacheAwareContextLoaderDelegate]
10:31:13.119 [Test worker] DEBUG org.springframework.test.context.BootstrapUtils - Instantiating BootstrapContext using constructor [public org.springframework.test.context.support.DefaultBootstrapContext(java.lang.Class,org.springframework.test.context.CacheAwareContextLoaderDelegate)]
10:31:13.150 [Test worker] DEBUG org.springframework.test.context.BootstrapUtils - Instantiating TestContextBootstrapper for test class [com.tube.book.springboot.web.IndexControllerTest] from class [org.springframework.boot.test.context.SpringBootTestContextBootstrapper]
10:31:13.172 [Test worker] INFO org.springframework.boot.test.context.SpringBootTestContextBootstrapper - Neither @ContextConfiguration nor @ContextHierarchy found for test class [com.tube.book.springboot.web.IndexControllerTest], using SpringBootContextLoader
10:31:13.177 [Test worker] DEBUG org.springframework.test.context.support.AbstractContextLoader - Did not detect default resource location for test class [com.tube.book.springboot.web.IndexControllerTest]: class path resource [com/tube/book/springboot/web/IndexControllerTest-context.xml] does not exist
10:31:13.178 [Test worker] DEBUG org.springframework.test.context.support.AbstractContextLoader - Did not detect default resource location for test class [com.tube.book.springboot.web.IndexControllerTest]: class path resource [com/tube/book/springboot/web/IndexControllerTestContext.groovy] does not exist
10:31:13.178 [Test worker] INFO org.springframework.test.context.support.AbstractContextLoader - Could not detect default resource locations for test class [com.tube.book.springboot.web.IndexControllerTest]: no resource found for suffixes {-context.xml, Context.groovy}.
10:31:13.179 [Test worker] INFO org.springframework.test.context.support.AnnotationConfigContextLoaderUtils - Could not detect default configuration classes for test class [com.tube.book.springboot.web.IndexControllerTest]: IndexControllerTest does not declare any static, non-private, non-final, nested classes annotated with @Configuration.
10:31:13.259 [Test worker] DEBUG org.springframework.test.context.support.ActiveProfilesUtils - Could not find an 'annotation declaring class' for annotation type [org.springframework.test.context.ActiveProfiles] and class [com.tube.book.springboot.web.IndexControllerTest]
10:31:13.460 [Test worker] DEBUG org.springframework.context.annotation.ClassPathScanningCandidateComponentProvider - Identified candidate component class: file [/Users/sami/Documents/tube/build/classes/java/main/com/tube/book/springboot/Application.class]
10:31:13.462 [Test worker] INFO org.springframework.boot.test.context.SpringBootTestContextBootstrapper - Found @SpringBootConfiguration com.tube.book.springboot.Application for test class com.tube.book.springboot.web.IndexControllerTest
10:31:13.603 [Test worker] DEBUG org.springframework.boot.test.context.SpringBootTestContextBootstrapper - @TestExecutionListeners is not present for class [com.tube.book.springboot.web.IndexControllerTest]: using defaults.
10:31:13.604 [Test worker] INFO org.springframework.boot.test.context.SpringBootTestContextBootstrapper - Loaded default TestExecutionListener class names from location [META-INF/spring.factories]: [org.springframework.boot.test.autoconfigure.restdocs.RestDocsTestExecutionListener, org.springframework.boot.test.autoconfigure.web.client.MockRestServiceServerResetTestExecutionListener, org.springframework.boot.test.autoconfigure.web.servlet.MockMvcPrintOnlyOnFailureTestExecutionListener, org.springframework.boot.test.autoconfigure.web.servlet.WebDriverTestExecutionListener, org.springframework.boot.test.mock.mockito.MockitoTestExecutionListener, org.springframework.boot.test.mock.mockito.ResetMocksTestExecutionListener, org.springframework.test.context.web.ServletTestExecutionListener, org.springframework.test.context.support.DirtiesContextBeforeModesTestExecutionListener, org.springframework.test.context.support.DependencyInjectionTestExecutionListener, org.springframework.test.context.support.DirtiesContextTestExecutionListener, org.springframework.test.context.transaction.TransactionalTestExecutionListener, org.springframework.test.context.jdbc.SqlScriptsTestExecutionListener]
10:31:13.632 [Test worker] INFO org.springframework.boot.test.context.SpringBootTestContextBootstrapper - Using TestExecutionListeners: [org.springframework.test.context.web.ServletTestExecutionListener@297ee57b, org.springframework.test.context.support.DirtiesContextBeforeModesTestExecutionListener@718e47ce, org.springframework.boot.test.mock.mockito.MockitoTestExecutionListener@1ac8cd8c, org.springframework.boot.test.autoconfigure.SpringBootDependencyInjectionTestExecutionListener@44634dcb, org.springframework.test.context.support.DirtiesContextTestExecutionListener@1a682d01, org.springframework.test.context.transaction.TransactionalTestExecutionListener@195ba9b5, org.springframework.test.context.jdbc.SqlScriptsTestExecutionListener@4523b3bf, org.springframework.boot.test.autoconfigure.restdocs.RestDocsTestExecutionListener@1b70a3c5, org.springframework.boot.test.autoconfigure.web.client.MockRestServiceServerResetTestExecutionListener@402b858f, org.springframework.boot.test.autoconfigure.web.servlet.MockMvcPrintOnlyOnFailureTestExecutionListener@4799a3e, org.springframework.boot.test.autoconfigure.web.servlet.WebDriverTestExecutionListener@5c9f6f45, org.springframework.boot.test.mock.mockito.ResetMocksTestExecutionListener@426f8198]
10:31:13.636 [Test worker] DEBUG org.springframework.test.annotation.ProfileValueUtils - Retrieved @ProfileValueSourceConfiguration [null] for test class [com.tube.book.springboot.web.IndexControllerTest]
10:31:13.637 [Test worker] DEBUG org.springframework.test.annotation.ProfileValueUtils - Retrieved ProfileValueSource type [class org.springframework.test.annotation.SystemProfileValueSource] for class [com.tube.book.springboot.web.IndexControllerTest]
10:31:13.641 [Test worker] DEBUG org.springframework.test.annotation.ProfileValueUtils - Retrieved @ProfileValueSourceConfiguration [null] for test class [com.tube.book.springboot.web.IndexControllerTest]
10:31:13.641 [Test worker] DEBUG org.springframework.test.annotation.ProfileValueUtils - Retrieved ProfileValueSource type [class org.springframework.test.annotation.SystemProfileValueSource] for class [com.tube.book.springboot.web.IndexControllerTest]
10:31:13.642 [Test worker] DEBUG org.springframework.test.annotation.ProfileValueUtils - Retrieved @ProfileValueSourceConfiguration [null] for test class [com.tube.book.springboot.web.IndexControllerTest]
10:31:13.643 [Test worker] DEBUG org.springframework.test.annotation.ProfileValueUtils - Retrieved ProfileValueSource type [class org.springframework.test.annotation.SystemProfileValueSource] for class [com.tube.book.springboot.web.IndexControllerTest]
10:31:13.649 [Test worker] DEBUG org.springframework.test.context.support.AbstractDirtiesContextTestExecutionListener - Before test class: context [DefaultTestContext@4695b417 testClass = IndexControllerTest, testInstance = [null], testMethod = [null], testException = [null], mergedContextConfiguration = [WebMergedContextConfiguration@6dc21d05 testClass = IndexControllerTest, locations = '{}', classes = '{class com.tube.book.springboot.Application}', contextInitializerClasses = '[]', activeProfiles = '{}', propertySourceLocations = '{}', propertySourceProperties = '{org.springframework.boot.test.context.SpringBootTestContextBootstrapper=true, server.port=0}', contextCustomizers = set[org.springframework.boot.test.autoconfigure.properties.PropertyMappingContextCustomizer@0, org.springframework.boot.test.autoconfigure.web.servlet.WebDriverContextCustomizerFactory$Customizer@14b43f21, org.springframework.boot.test.context.filter.ExcludeFilterContextCustomizer@f439622, org.springframework.boot.test.json.DuplicateJsonObjectContextCustomizerFactory$DuplicateJsonObjectContextCustomizer@294e9e17, org.springframework.boot.test.mock.mockito.MockitoContextCustomizer@0, org.springframework.boot.test.web.client.TestRestTemplateContextCustomizer@afe51a6], resourceBasePath = 'src/main/webapp', contextLoader = 'org.springframework.boot.test.context.SpringBootContextLoader', parent = [null]], attributes = map['org.springframework.test.context.web.ServletTestExecutionListener.activateListener' -> false]], class annotated with @DirtiesContext [false] with mode [null].
10:31:13.650 [Test worker] DEBUG org.springframework.test.annotation.ProfileValueUtils - Retrieved @ProfileValueSourceConfiguration [null] for test class [com.tube.book.springboot.web.IndexControllerTest]
10:31:13.650 [Test worker] DEBUG org.springframework.test.annotation.ProfileValueUtils - Retrieved ProfileValueSource type [class org.springframework.test.annotation.SystemProfileValueSource] for class [com.tube.book.springboot.web.IndexControllerTest]
10:31:13.657 [Test worker] DEBUG org.springframework.test.context.support.DependencyInjectionTestExecutionListener - Performing dependency injection for test context [[DefaultTestContext@4695b417 testClass = IndexControllerTest, testInstance = com.tube.book.springboot.web.IndexControllerTest@6cc95b60, testMethod = [null], testException = [null], mergedContextConfiguration = [WebMergedContextConfiguration@6dc21d05 testClass = IndexControllerTest, locations = '{}', classes = '{class com.tube.book.springboot.Application}', contextInitializerClasses = '[]', activeProfiles = '{}', propertySourceLocations = '{}', propertySourceProperties = '{org.springframework.boot.test.context.SpringBootTestContextBootstrapper=true, server.port=0}', contextCustomizers = set[org.springframework.boot.test.autoconfigure.properties.PropertyMappingContextCustomizer@0, org.springframework.boot.test.autoconfigure.web.servlet.WebDriverContextCustomizerFactory$Customizer@14b43f21, org.springframework.boot.test.context.filter.ExcludeFilterContextCustomizer@f439622, org.springframework.boot.test.json.DuplicateJsonObjectContextCustomizerFactory$DuplicateJsonObjectContextCustomizer@294e9e17, org.springframework.boot.test.mock.mockito.MockitoContextCustomizer@0, org.springframework.boot.test.web.client.TestRestTemplateContextCustomizer@afe51a6], resourceBasePath = 'src/main/webapp', contextLoader = 'org.springframework.boot.test.context.SpringBootContextLoader', parent = [null]], attributes = map['org.springframework.test.context.web.ServletTestExecutionListener.activateListener' -> false]]].
10:31:13.690 [Test worker] DEBUG org.springframework.test.context.support.TestPropertySourceUtils - Adding inlined properties to environment: {spring.jmx.enabled=false, org.springframework.boot.test.context.SpringBootTestContextBootstrapper=true, server.port=0}

  .   ____          _            __ _ _
 /\\ / ___'_ __ _ _(_)_ __  __ _ \ \ \ \
( ( )\___ | '_ | '_| | '_ \/ _` | \ \ \ \
 \\/  ___)| |_)| | | | | || (_| |  ) ) ) )
  '  |____| .__|_| |_|_| |_\__, | / / / /
 =========|_|==============|___/=/_/_/_/
 :: Spring Boot ::        (v2.1.7.RELEASE)

2020-09-08 10:31:14.603  INFO 84176 --- [    Test worker] c.t.b.s.web.IndexControllerTest          : Starting IndexControllerTest on 179-190-207-204.cable.cabotelecom.com.br with PID 84176 (started by sami in /Users/sami/Documents/tube)
2020-09-08 10:31:14.605  INFO 84176 --- [    Test worker] c.t.b.s.web.IndexControllerTest          : No active profile set, falling back to default profiles: default
2020-09-08 10:31:15.790  INFO 84176 --- [    Test worker] .s.d.r.c.RepositoryConfigurationDelegate : Bootstrapping Spring Data repositories in DEFAULT mode.
2020-09-08 10:31:15.929  INFO 84176 --- [    Test worker] .s.d.r.c.RepositoryConfigurationDelegate : Finished Spring Data repository scanning in 125ms. Found 1 repository interfaces.
2020-09-08 10:31:16.435  INFO 84176 --- [    Test worker] trationDelegate$BeanPostProcessorChecker : Bean 'org.springframework.transaction.annotation.ProxyTransactionManagementConfiguration' of type [org.springframework.transaction.annotation.ProxyTransactionManagementConfiguration$$EnhancerBySpringCGLIB$$5287ce3c] is not eligible for getting processed by all BeanPostProcessors (for example: not eligible for auto-proxying)
2020-09-08 10:31:17.039  INFO 84176 --- [    Test worker] o.s.b.w.embedded.tomcat.TomcatWebServer  : Tomcat initialized with port(s): 0 (http)
2020-09-08 10:31:17.097  INFO 84176 --- [    Test worker] o.apache.catalina.core.StandardService   : Starting service [Tomcat]
2020-09-08 10:31:17.098  INFO 84176 --- [    Test worker] org.apache.catalina.core.StandardEngine  : Starting Servlet engine: [Apache Tomcat/9.0.22]
2020-09-08 10:31:17.319  INFO 84176 --- [    Test worker] o.a.c.c.C.[Tomcat].[localhost].[/]       : Initializing Spring embedded WebApplicationContext
2020-09-08 10:31:17.320  INFO 84176 --- [    Test worker] o.s.web.context.ContextLoader            : Root WebApplicationContext: initialization completed in 2655 ms
2020-09-08 10:31:17.671  INFO 84176 --- [    Test worker] com.zaxxer.hikari.HikariDataSource       : HikariPool-1 - Starting...
2020-09-08 10:31:17.934  INFO 84176 --- [    Test worker] com.zaxxer.hikari.HikariDataSource       : HikariPool-1 - Start completed.
2020-09-08 10:31:18.084  INFO 84176 --- [    Test worker] o.hibernate.jpa.internal.util.LogHelper  : HHH000204: Processing PersistenceUnitInfo [
	name: default
	...]
2020-09-08 10:31:18.192  INFO 84176 --- [    Test worker] org.hibernate.Version                    : HHH000412: Hibernate Core {5.3.10.Final}
2020-09-08 10:31:18.194  INFO 84176 --- [    Test worker] org.hibernate.cfg.Environment            : HHH000206: hibernate.properties not found
2020-09-08 10:31:18.442  INFO 84176 --- [    Test worker] o.hibernate.annotations.common.Version   : HCANN000001: Hibernate Commons Annotations {5.0.4.Final}
2020-09-08 10:31:18.675  INFO 84176 --- [    Test worker] org.hibernate.dialect.Dialect            : HHH000400: Using dialect: org.hibernate.dialect.MySQL5InnoDBDialect
Hibernate: drop table if exists posts
Hibernate: create table posts (id bigint not null auto_increment, created_date datetime, modified_date datetime, author varchar(255), content TEXT not null, title varchar(500) not null, primary key (id)) engine=InnoDB
2020-09-08 10:31:19.641  INFO 84176 --- [    Test worker] o.h.t.schema.internal.SchemaCreatorImpl  : HHH000476: Executing import script 'org.hibernate.tool.schema.internal.exec.ScriptSourceInputNonExistentImpl@2cc7a8d3'
2020-09-08 10:31:19.646  INFO 84176 --- [    Test worker] j.LocalContainerEntityManagerFactoryBean : Initialized JPA EntityManagerFactory for persistence unit 'default'
2020-09-08 10:31:20.565  INFO 84176 --- [    Test worker] o.s.s.concurrent.ThreadPoolTaskExecutor  : Initializing ExecutorService 'applicationTaskExecutor'
2020-09-08 10:31:20.846  WARN 84176 --- [    Test worker] aWebConfiguration$JpaWebMvcConfiguration : spring.jpa.open-in-view is enabled by default. Therefore, database queries may be performed during view rendering. Explicitly configure spring.jpa.open-in-view to disable this warning
2020-09-08 10:31:20.912  INFO 84176 --- [    Test worker] o.s.b.a.w.s.WelcomePageHandlerMapping    : Adding welcome page template: index
2020-09-08 10:31:21.329  INFO 84176 --- [    Test worker] o.s.b.w.embedded.tomcat.TomcatWebServer  : Tomcat started on port(s): 53352 (http) with context path ''
2020-09-08 10:31:21.334  INFO 84176 --- [    Test worker] c.t.b.s.web.IndexControllerTest          : Started IndexControllerTest in 7.638 seconds (JVM running for 9.119)
2020-09-08 10:31:21.679  INFO 84176 --- [o-auto-1-exec-1] o.a.c.c.C.[Tomcat].[localhost].[/]       : Initializing Spring DispatcherServlet 'dispatcherServlet'
2020-09-08 10:31:21.679  INFO 84176 --- [o-auto-1-exec-1] o.s.web.servlet.DispatcherServlet        : Initializing Servlet 'dispatcherServlet'
2020-09-08 10:31:21.705  INFO 84176 --- [o-auto-1-exec-1] o.s.web.servlet.DispatcherServlet        : Completed initialization in 26 ms
]]></system-out>
  <system-err><![CDATA[]]></system-err>
</testsuite>
